#
# There is insufficient memory for the Java Runtime Environment to continue.
# Native memory allocation (malloc) failed to allocate 1048576 bytes. Error detail: AllocateHeap
# Possible reasons:
#   The system is out of physical RAM or swap space
#   This process is running with CompressedOops enabled, and the Java Heap may be blocking the growth of the native heap
# Possible solutions:
#   Reduce memory load on the system
#   Increase physical memory or swap space
#   Check if swap backing store is full
#   Decrease Java heap size (-Xmx/-Xms)
#   Decrease number of Java threads
#   Decrease Java thread stack sizes (-Xss)
#   Set larger code cache with -XX:ReservedCodeCacheSize=
#   JVM is running with Unscaled Compressed Oops mode in which the Java heap is
#     placed in the first 4GB address space. The Java Heap base address is the
#     maximum limit for the native heap growth. Please use -XX:HeapBaseMinAddress
#     to set the Java Heap base and to place the Java Heap above 4GB virtual address.
# This output file may be truncated or incomplete.
#
#  Out of Memory Error (allocation.cpp:44), pid=21472, tid=13572
#
# JRE version: OpenJDK Runtime Environment Temurin-21.0.9+10 (21.0.9+10) (build 21.0.9+10-LTS)
# Java VM: OpenJDK 64-Bit Server VM Temurin-21.0.9+10 (21.0.9+10-LTS, mixed mode, sharing, tiered, compressed oops, compressed class ptrs, parallel gc, windows-amd64)
# No core dump will be written. Minidumps are not enabled by default on client versions of Windows
#

---------------  S U M M A R Y ------------

Command Line: --add-modules=ALL-SYSTEM --add-opens=java.base/java.util=ALL-UNNAMED --add-opens=java.base/java.lang=ALL-UNNAMED --add-opens=java.base/sun.nio.fs=ALL-UNNAMED -Declipse.application=org.eclipse.jdt.ls.core.id1 -Dosgi.bundles.defaultStartLevel=4 -Declipse.product=org.eclipse.jdt.ls.core.product -Djava.import.generatesMetadataFilesAtProjectRoot=false -DDetectVMInstallationsJob.disabled=true -Dfile.encoding=utf8 -XX:+UseParallelGC -XX:GCTimeRatio=4 -XX:AdaptiveSizePolicyWeight=90 -Dsun.zip.disableMemoryMapping=true -Xmx2G -Xms100m -Xlog:disable -javaagent:c:\Users\pooja\.vscode\extensions\redhat.java-1.49.0-win32-x64\lombok\lombok-1.18.39-4050.jar -XX:+HeapDumpOnOutOfMemoryError -XX:HeapDumpPath=c:\Users\pooja\AppData\Roaming\Code\User\workspaceStorage\c9fb0a0a7192e5b5cc477edc92a2a930\redhat.java -Daether.dependencyCollector.impl=bf c:\Users\pooja\.vscode\extensions\redhat.java-1.49.0-win32-x64\server\plugins\org.eclipse.equinox.launcher_1.7.100.v20251111-0406.jar -configuration c:\Users\pooja\AppData\Roaming\Code\User\globalStorage\redhat.java\1.49.0\config_win -data c:\Users\pooja\AppData\Roaming\Code\User\workspaceStorage\c9fb0a0a7192e5b5cc477edc92a2a930\redhat.java\jdt_ws --pipe=\\.\pipe\lsp-142e9d7acc62ca337e51171ff4748101-sock

Host: 11th Gen Intel(R) Core(TM) i5-11300H @ 3.10GHz, 8 cores, 7G,  Windows 10 , 64 bit Build 19041 (10.0.19041.5915)
Time: Sun Dec  7 13:29:10 2025 India Standard Time elapsed time: 57402.535065 seconds (0d 15h 56m 42s)

---------------  T H R E A D  ---------------

Current thread (0x000002a7e696d830):  JavaThread "Attach Listener" daemon [_thread_in_vm, id=13572, stack(0x000000cbde300000,0x000000cbde400000) (1024K)]

Stack: [0x000000cbde300000,0x000000cbde400000]
Native frames: (J=compiled Java code, j=interpreted, Vv=VM code, C=native code)
V  [jvm.dll+0x6d6e29]
V  [jvm.dll+0x8b4b76]
V  [jvm.dll+0x8b712e]
V  [jvm.dll+0x8b7813]
V  [jvm.dll+0x283d86]
V  [jvm.dll+0xc1277]
V  [jvm.dll+0x6d76d9]
V  [jvm.dll+0x133466]
V  [jvm.dll+0x3f7ea6]
V  [jvm.dll+0x85e9ad]
V  [jvm.dll+0x6d565d]
C  [ucrtbase.dll+0x21bb2]
C  [KERNEL32.DLL+0x17374]
C  [ntdll.dll+0x4cc91]


---------------  P R O C E S S  ---------------

Threads class SMR info:
_java_thread_list=0x000002a7c6469320, length=34, elements={
0x000002a7e68b22e0, 0x000002a7e6967d50, 0x000002a7e6969d50, 0x000002a7e6825fe0,
0x000002a7e696d830, 0x000002a7e696e4d0, 0x000002a7e6829ff0, 0x000002a7e682ae60,
0x000002a7feb1cf40, 0x000002a7fecbf4b0, 0x000002a7fed29440, 0x000002a7ff2e0ca0,
0x000002a7ff2e2d70, 0x000002a7ff2e1330, 0x000002a7ff2e3400, 0x000002a7c51e9940,
0x000002a7c51e64c0, 0x000002a7c51e6b50, 0x000002a7c51e71e0, 0x000002a7c51eb380,
0x000002a7c51e8590, 0x000002a7c51ec730, 0x000002a7c51e92b0, 0x000002a7c51e9fd0,
0x000002a7c51eacf0, 0x000002a7c51e7870, 0x000002a7c51e8c20, 0x000002a7c51e7f00,
0x000002a7c51ec0a0, 0x000002a7ff2e2050, 0x000002a7ff2e3a90, 0x000002a7ff2e4120,
0x000002a7ff2e26e0, 0x000002a7c58be7a0
}

Java Threads: ( => current thread )
  0x000002a7e68b22e0 JavaThread "main"                              [_thread_blocked, id=13104, stack(0x000000cbddc00000,0x000000cbddd00000) (1024K)]
  0x000002a7e6967d50 JavaThread "Reference Handler"          daemon [_thread_blocked, id=16472, stack(0x000000cbde000000,0x000000cbde100000) (1024K)]
  0x000002a7e6969d50 JavaThread "Finalizer"                  daemon [_thread_blocked, id=20048, stack(0x000000cbde100000,0x000000cbde200000) (1024K)]
  0x000002a7e6825fe0 JavaThread "Signal Dispatcher"          daemon [_thread_blocked, id=21676, stack(0x000000cbde200000,0x000000cbde300000) (1024K)]
=>0x000002a7e696d830 JavaThread "Attach Listener"            daemon [_thread_in_vm, id=13572, stack(0x000000cbde300000,0x000000cbde400000) (1024K)]
  0x000002a7e696e4d0 JavaThread "Service Thread"             daemon [_thread_blocked, id=22864, stack(0x000000cbde400000,0x000000cbde500000) (1024K)]
  0x000002a7e6829ff0 JavaThread "Monitor Deflation Thread"   daemon [_thread_blocked, id=9844, stack(0x000000cbde500000,0x000000cbde600000) (1024K)]
  0x000002a7e682ae60 JavaThread "C2 CompilerThread0"         daemon [_thread_blocked, id=4464, stack(0x000000cbde600000,0x000000cbde700000) (1024K)]
  0x000002a7feb1cf40 JavaThread "C1 CompilerThread0"         daemon [_thread_blocked, id=12720, stack(0x000000cbde700000,0x000000cbde800000) (1024K)]
  0x000002a7fecbf4b0 JavaThread "Common-Cleaner"             daemon [_thread_blocked, id=7780, stack(0x000000cbde800000,0x000000cbde900000) (1024K)]
  0x000002a7fed29440 JavaThread "Notification Thread"        daemon [_thread_blocked, id=14136, stack(0x000000cbde900000,0x000000cbdea00000) (1024K)]
  0x000002a7ff2e0ca0 JavaThread "Active Thread: Equinox Container: 968acb78-545c-4438-99f5-76329063986c"        [_thread_blocked, id=3604, stack(0x000000cbdf600000,0x000000cbdf700000) (1024K)]
  0x000002a7ff2e2d70 JavaThread "Framework Event Dispatcher: Equinox Container: 968acb78-545c-4438-99f5-76329063986c" daemon [_thread_blocked, id=19840, stack(0x000000cbdf000000,0x000000cbdf100000) (1024K)]
  0x000002a7ff2e1330 JavaThread "Start Level: Equinox Container: 968acb78-545c-4438-99f5-76329063986c" daemon [_thread_blocked, id=416, stack(0x000000cbdf100000,0x000000cbdf200000) (1024K)]
  0x000002a7ff2e3400 JavaThread "Refresh Thread: Equinox Container: 968acb78-545c-4438-99f5-76329063986c" daemon [_thread_blocked, id=18972, stack(0x000000cbdf300000,0x000000cbdf400000) (1024K)]
  0x000002a7c51e9940 JavaThread "Bundle File Closer"         daemon [_thread_blocked, id=340, stack(0x000000cbdf400000,0x000000cbdf500000) (1024K)]
  0x000002a7c51e64c0 JavaThread "SCR Component Actor"        daemon [_thread_blocked, id=20432, stack(0x000000cbdf500000,0x000000cbdf600000) (1024K)]
  0x000002a7c51e6b50 JavaThread "Worker-JM"                         [_thread_blocked, id=1880, stack(0x000000cbdf700000,0x000000cbdf800000) (1024K)]
  0x000002a7c51e71e0 JavaThread "JNA Cleaner"                daemon [_thread_blocked, id=19400, stack(0x000000cbdf900000,0x000000cbdfa00000) (1024K)]
  0x000002a7c51eb380 JavaThread "Worker-1"                          [_thread_blocked, id=11940, stack(0x000000cbdfb00000,0x000000cbdfc00000) (1024K)]
  0x000002a7c51e8590 JavaThread "Java indexing"              daemon [_thread_blocked, id=26404, stack(0x000000cbdfd00000,0x000000cbdfe00000) (1024K)]
  0x000002a7c51ec730 JavaThread "Thread-1"                   daemon [_thread_in_native, id=5508, stack(0x000000cbe0000000,0x000000cbe0100000) (1024K)]
  0x000002a7c51e92b0 JavaThread "Thread-2"                   daemon [_thread_in_native, id=17148, stack(0x000000cbe0100000,0x000000cbe0200000) (1024K)]
  0x000002a7c51e9fd0 JavaThread "Thread-3"                   daemon [_thread_in_native, id=25140, stack(0x000000cbe0200000,0x000000cbe0300000) (1024K)]
  0x000002a7c51eacf0 JavaThread "Thread-4"                   daemon [_thread_in_native, id=22412, stack(0x000000cbe0300000,0x000000cbe0400000) (1024K)]
  0x000002a7c51e7870 JavaThread "Thread-5"                   daemon [_thread_in_native, id=23680, stack(0x000000cbe0400000,0x000000cbe0500000) (1024K)]
  0x000002a7c51e8c20 JavaThread "Thread-6"                   daemon [_thread_in_native, id=23136, stack(0x000000cbe0500000,0x000000cbe0600000) (1024K)]
  0x000002a7c51e7f00 JavaThread "Thread-7"                   daemon [_thread_in_native, id=17552, stack(0x000000cbe0600000,0x000000cbe0700000) (1024K)]
  0x000002a7c51ec0a0 JavaThread "Thread-8"                   daemon [_thread_in_native, id=24572, stack(0x000000cbe0700000,0x000000cbe0800000) (1024K)]
  0x000002a7ff2e2050 JavaThread "Thread-9"                   daemon [_thread_in_native, id=24968, stack(0x000000cbe0800000,0x000000cbe0900000) (1024K)]
  0x000002a7ff2e3a90 JavaThread "pool-2-thread-1"                   [_thread_blocked, id=5944, stack(0x000000cbe0900000,0x000000cbe0a00000) (1024K)]
  0x000002a7ff2e4120 JavaThread "WorkspaceEventsHandler"            [_thread_blocked, id=26060, stack(0x000000cbe0a00000,0x000000cbe0b00000) (1024K)]
  0x000002a7ff2e26e0 JavaThread "pool-1-thread-1"                   [_thread_blocked, id=23628, stack(0x000000cbe0b00000,0x000000cbe0c00000) (1024K)]
  0x000002a7c58be7a0 JavaThread "Worker-5"                          [_thread_blocked, id=6580, stack(0x000000cbe1000000,0x000000cbe1100000) (1024K)]
Total: 34

Other Threads:
  0x000002a7e6822f40 VMThread "VM Thread"                           [id=25700, stack(0x000000cbddf00000,0x000000cbde000000) (1024K)]
  0x000002a7e691e430 WatcherThread "VM Periodic Task Thread"        [id=26452, stack(0x000000cbdde00000,0x000000cbddf00000) (1024K)]
  0x000002a7e68cf910 WorkerThread "GC Thread#0"                     [id=14808, stack(0x000000cbddd00000,0x000000cbdde00000) (1024K)]
  0x000002a7fee7a4a0 WorkerThread "GC Thread#1"                     [id=4080, stack(0x000000cbdea00000,0x000000cbdeb00000) (1024K)]
  0x000002a7ff393610 WorkerThread "GC Thread#2"                     [id=15012, stack(0x000000cbdeb00000,0x000000cbdec00000) (1024K)]
  0x000002a7ff3939b0 WorkerThread "GC Thread#3"                     [id=23760, stack(0x000000cbdec00000,0x000000cbded00000) (1024K)]
  0x000002a7ff2a7ed0 WorkerThread "GC Thread#4"                     [id=18224, stack(0x000000cbded00000,0x000000cbdee00000) (1024K)]
  0x000002a7ff2a8270 WorkerThread "GC Thread#5"                     [id=10348, stack(0x000000cbdee00000,0x000000cbdef00000) (1024K)]
  0x000002a7ff2a8610 WorkerThread "GC Thread#6"                     [id=8160, stack(0x000000cbdef00000,0x000000cbdf000000) (1024K)]
  0x000002a7ff412140 WorkerThread "GC Thread#7"                     [id=10608, stack(0x000000cbdf200000,0x000000cbdf300000) (1024K)]
Total: 10

Threads with active compile tasks:
Total: 0

VM state: not at safepoint (normal execution)

VM Mutex/Monitor currently owned by a thread: None

Heap address: 0x0000000080000000, size: 2048 MB, Compressed Oops mode: 32-bit

CDS archive(s) mapped at: [0x000002a780000000-0x000002a780ba0000-0x000002a780ba0000), size 12189696, SharedBaseAddress: 0x000002a780000000, ArchiveRelocationMode: 1.
Compressed class space mapped at: 0x000002a781000000-0x000002a7c1000000, reserved size: 1073741824
Narrow klass base: 0x000002a780000000, Narrow klass shift: 0, Narrow klass range: 0x100000000

GC Precious Log:
 CardTable entry size: 512
 CPUs: 8 total, 8 available
 Memory: 7975M
 Large Page Support: Disabled
 NUMA Support: Disabled
 Compressed Oops: Enabled (32-bit)
 Alignments: Space 512K, Generation 512K, Heap 2M
 Heap Min Capacity: 100M
 Heap Initial Capacity: 100M
 Heap Max Capacity: 2G
 Pre-touch: Disabled
 Parallel Workers: 8

Heap:
 PSYoungGen      total 2048K, used 1310K [0x00000000d5580000, 0x00000000d5880000, 0x0000000100000000)
  eden space 1536K, 66% used [0x00000000d5580000,0x00000000d567f9d8,0x00000000d5700000)
  from space 512K, 56% used [0x00000000d5780000,0x00000000d57c8000,0x00000000d5800000)
  to   space 512K, 0% used [0x00000000d5800000,0x00000000d5800000,0x00000000d5880000)
 ParOldGen       total 215552K, used 215091K [0x0000000080000000, 0x000000008d280000, 0x00000000d5580000)
  object space 215552K, 99% used [0x0000000080000000,0x000000008d20cce0,0x000000008d280000)
 Metaspace       used 76035K, committed 77632K, reserved 1179648K
  class space    used 8029K, committed 8768K, reserved 1048576K

Card table byte_map: [0x000002a7e6250000,0x000002a7e6660000] _byte_map_base: 0x000002a7e5e50000

Marking Bits: (ParMarkBitMap*) 0x00007ffe55cb2460
 Begin Bits: [0x000002a7f8d60000, 0x000002a7fad60000)
 End Bits:   [0x000002a7fad60000, 0x000002a7fcd60000)

Polling page: 0x000002a7e46e0000

Metaspace:

Usage:
  Non-class:     66.41 MB used.
      Class:      7.84 MB used.
       Both:     74.25 MB used.

Virtual space:
  Non-class space:      128.00 MB reserved,      67.25 MB ( 53%) committed,  2 nodes.
      Class space:        1.00 GB reserved,       8.56 MB ( <1%) committed,  1 nodes.
             Both:        1.12 GB reserved,      75.81 MB (  7%) committed. 

Chunk freelists:
   Non-Class:  12.50 MB
       Class:  7.32 MB
        Both:  19.83 MB

MaxMetaspaceSize: unlimited
CompressedClassSpaceSize: 1.00 GB
Initial GC threshold: 21.00 MB
Current GC threshold: 97.31 MB
CDS: on
 - commit_granule_bytes: 65536.
 - commit_granule_words: 8192.
 - virtual_space_node_default_size: 8388608.
 - enlarge_chunks_in_place: 1.
 - use_allocation_guard: 0.


Internal statistics:

num_allocs_failed_limit: 9.
num_arena_births: 1398.
num_arena_deaths: 14.
num_vsnodes_births: 3.
num_vsnodes_deaths: 0.
num_space_committed: 1213.
num_space_uncommitted: 0.
num_chunks_returned_to_freelist: 23.
num_chunks_taken_from_freelist: 4885.
num_chunk_merges: 13.
num_chunk_splits: 2973.
num_chunks_enlarged: 1636.
num_inconsistent_stats: 0.

CodeHeap 'non-profiled nmethods': size=120000Kb used=11211Kb max_used=11211Kb free=108788Kb
 bounds [0x000002a7f1580000, 0x000002a7f2080000, 0x000002a7f8ab0000]
CodeHeap 'profiled nmethods': size=120000Kb used=33998Kb max_used=33998Kb free=86001Kb
 bounds [0x000002a7e9ab0000, 0x000002a7ebbf0000, 0x000002a7f0fe0000]
CodeHeap 'non-nmethods': size=5760Kb used=1493Kb max_used=1568Kb free=4266Kb
 bounds [0x000002a7f0fe0000, 0x000002a7f1250000, 0x000002a7f1580000]
CodeCache: size=245760Kb, used=46702Kb, max_used=46777Kb, free=199055Kb
 total_blobs=15112, nmethods=14313, adapters=704, full_count=0
Compilation: enabled, stopped_count=0, restarted_count=0

Compilation events (20 events):
Event: 19130.260 Thread 0x000002a7e682ae60 15267       4       java.util.concurrent.locks.AbstractQueuedSynchronizer$ConditionObject::canReacquire (38 bytes)
Event: 19130.262 Thread 0x000002a7e682ae60 nmethod 15267 0x000002a7f2067f90 code [0x000002a7f2068120, 0x000002a7f20681f0]
Event: 20658.662 Thread 0x000002a7feb1cf40 15268   !   3       jdk.internal.ref.PhantomCleanable::isListEmpty (34 bytes)
Event: 20658.678 Thread 0x000002a7feb1cf40 nmethod 15268 0x000002a7ebbe3210 code [0x000002a7ebbe33c0, 0x000002a7ebbe3618]
Event: 20658.679 Thread 0x000002a7feb1cf40 15269       3       jdk.internal.misc.InnocuousThread::eraseThreadLocals (23 bytes)
Event: 20658.691 Thread 0x000002a7feb1cf40 nmethod 15269 0x000002a7ebbe3710 code [0x000002a7ebbe38a0, 0x000002a7ebbe3a08]
Event: 47750.516 Thread 0x000002a7e682ae60 15270       4       org.eclipse.core.internal.dtree.AbstractDataTreeNode::storeStrings (42 bytes)
Event: 47750.662 Thread 0x000002a7e682ae60 nmethod 15270 0x000002a7f2068290 code [0x000002a7f2068500, 0x000002a7f2069248]
Event: 48308.511 Thread 0x000002a7e682ae60 15271       4       java.util.concurrent.ThreadPoolExecutor$Worker::unlock (7 bytes)
Event: 48308.542 Thread 0x000002a7e682ae60 nmethod 15271 0x000002a7f2069d10 code [0x000002a7f2069ea0, 0x000002a7f2069fb8]
Event: 48868.920 Thread 0x000002a7e682ae60 15272       4       java.util.concurrent.ThreadPoolExecutor$Worker::lock (6 bytes)
Event: 48868.942 Thread 0x000002a7e682ae60 nmethod 15272 0x000002a7f206a110 code [0x000002a7f206a2a0, 0x000002a7f206a3a0]
Event: 48958.998 Thread 0x000002a7e682ae60 15273   !   4       java.util.concurrent.ThreadPoolExecutor::getTask (177 bytes)
Event: 48959.241 Thread 0x000002a7e682ae60 nmethod 15273 0x000002a7f206a490 code [0x000002a7f206aaa0, 0x000002a7f206d500]
Event: 49550.686 Thread 0x000002a7e682ae60 15274       4       sun.security.provider.DigestBase::engineUpdate (176 bytes)
Event: 49550.945 Thread 0x000002a7e682ae60 nmethod 15274 0x000002a7f206fd90 code [0x000002a7f206ffc0, 0x000002a7f2070938]
Event: 49550.947 Thread 0x000002a7e682ae60 15275       4       org.eclipse.core.internal.dtree.DataTreeNode::storeStrings (28 bytes)
Event: 49550.988 Thread 0x000002a7e682ae60 nmethod 15275 0x000002a7f2071010 code [0x000002a7f2071200, 0x000002a7f20714b0]
Event: 51151.057 Thread 0x000002a7e682ae60 15276   !   4       java.util.concurrent.locks.AbstractQueuedSynchronizer::acquire (424 bytes)
Event: 51151.148 Thread 0x000002a7e682ae60 nmethod 15276 0x000002a7f2071710 code [0x000002a7f2071960, 0x000002a7f2072550]

GC Heap History (20 events):
Event: 110.756 GC heap before
{Heap before GC invocations=429 (full 3):
 PSYoungGen      total 2048K, used 1745K [0x00000000d5580000, 0x00000000d5880000, 0x0000000100000000)
  eden space 1536K, 99% used [0x00000000d5580000,0x00000000d56fc660,0x00000000d5700000)
  from space 512K, 43% used [0x00000000d5780000,0x00000000d57b8000,0x00000000d5800000)
  to   space 512K, 0% used [0x00000000d5800000,0x00000000d5800000,0x00000000d5880000)
 ParOldGen       total 214528K, used 214284K [0x0000000080000000, 0x000000008d180000, 0x00000000d5580000)
  object space 214528K, 99% used [0x0000000080000000,0x000000008d1433e0,0x000000008d180000)
 Metaspace       used 75569K, committed 77248K, reserved 1179648K
  class space    used 7989K, committed 8768K, reserved 1048576K
}
Event: 110.757 GC heap after
{Heap after GC invocations=429 (full 3):
 PSYoungGen      total 2048K, used 192K [0x00000000d5580000, 0x00000000d5880000, 0x0000000100000000)
  eden space 1536K, 0% used [0x00000000d5580000,0x00000000d5580000,0x00000000d5700000)
  from space 512K, 37% used [0x00000000d5800000,0x00000000d5830000,0x00000000d5880000)
  to   space 512K, 0% used [0x00000000d5780000,0x00000000d5780000,0x00000000d5800000)
 ParOldGen       total 214528K, used 214372K [0x0000000080000000, 0x000000008d180000, 0x00000000d5580000)
  object space 214528K, 99% used [0x0000000080000000,0x000000008d1593e0,0x000000008d180000)
 Metaspace       used 75569K, committed 77248K, reserved 1179648K
  class space    used 7989K, committed 8768K, reserved 1048576K
}
Event: 110.784 GC heap before
{Heap before GC invocations=430 (full 3):
 PSYoungGen      total 2048K, used 1727K [0x00000000d5580000, 0x00000000d5880000, 0x0000000100000000)
  eden space 1536K, 99% used [0x00000000d5580000,0x00000000d56ffff0,0x00000000d5700000)
  from space 512K, 37% used [0x00000000d5800000,0x00000000d5830000,0x00000000d5880000)
  to   space 512K, 0% used [0x00000000d5780000,0x00000000d5780000,0x00000000d5800000)
 ParOldGen       total 214528K, used 214372K [0x0000000080000000, 0x000000008d180000, 0x00000000d5580000)
  object space 214528K, 99% used [0x0000000080000000,0x000000008d1593e0,0x000000008d180000)
 Metaspace       used 75591K, committed 77248K, reserved 1179648K
  class space    used 7991K, committed 8768K, reserved 1048576K
}
Event: 110.785 GC heap after
{Heap after GC invocations=430 (full 3):
 PSYoungGen      total 2048K, used 272K [0x00000000d5580000, 0x00000000d5880000, 0x0000000100000000)
  eden space 1536K, 0% used [0x00000000d5580000,0x00000000d5580000,0x00000000d5700000)
  from space 512K, 53% used [0x00000000d5780000,0x00000000d57c4010,0x00000000d5800000)
  to   space 512K, 0% used [0x00000000d5800000,0x00000000d5800000,0x00000000d5880000)
 ParOldGen       total 214528K, used 214420K [0x0000000080000000, 0x000000008d180000, 0x00000000d5580000)
  object space 214528K, 99% used [0x0000000080000000,0x000000008d1653e0,0x000000008d180000)
 Metaspace       used 75591K, committed 77248K, reserved 1179648K
  class space    used 7991K, committed 8768K, reserved 1048576K
}
Event: 110.806 GC heap before
{Heap before GC invocations=431 (full 3):
 PSYoungGen      total 2048K, used 1808K [0x00000000d5580000, 0x00000000d5880000, 0x0000000100000000)
  eden space 1536K, 100% used [0x00000000d5580000,0x00000000d5700000,0x00000000d5700000)
  from space 512K, 53% used [0x00000000d5780000,0x00000000d57c4010,0x00000000d5800000)
  to   space 512K, 0% used [0x00000000d5800000,0x00000000d5800000,0x00000000d5880000)
 ParOldGen       total 214528K, used 214420K [0x0000000080000000, 0x000000008d180000, 0x00000000d5580000)
  object space 214528K, 99% used [0x0000000080000000,0x000000008d1653e0,0x000000008d180000)
 Metaspace       used 75628K, committed 77312K, reserved 1179648K
  class space    used 7992K, committed 8768K, reserved 1048576K
}
Event: 110.808 GC heap after
{Heap after GC invocations=431 (full 3):
 PSYoungGen      total 2048K, used 288K [0x00000000d5580000, 0x00000000d5880000, 0x0000000100000000)
  eden space 1536K, 0% used [0x00000000d5580000,0x00000000d5580000,0x00000000d5700000)
  from space 512K, 56% used [0x00000000d5800000,0x00000000d5848020,0x00000000d5880000)
  to   space 512K, 0% used [0x00000000d5780000,0x00000000d5780000,0x00000000d5800000)
 ParOldGen       total 215040K, used 214532K [0x0000000080000000, 0x000000008d200000, 0x00000000d5580000)
  object space 215040K, 99% used [0x0000000080000000,0x000000008d1813f0,0x000000008d200000)
 Metaspace       used 75628K, committed 77312K, reserved 1179648K
  class space    used 7992K, committed 8768K, reserved 1048576K
}
Event: 110.888 GC heap before
{Heap before GC invocations=432 (full 3):
 PSYoungGen      total 2048K, used 1824K [0x00000000d5580000, 0x00000000d5880000, 0x0000000100000000)
  eden space 1536K, 100% used [0x00000000d5580000,0x00000000d5700000,0x00000000d5700000)
  from space 512K, 56% used [0x00000000d5800000,0x00000000d5848020,0x00000000d5880000)
  to   space 512K, 0% used [0x00000000d5780000,0x00000000d5780000,0x00000000d5800000)
 ParOldGen       total 215040K, used 214532K [0x0000000080000000, 0x000000008d200000, 0x00000000d5580000)
  object space 215040K, 99% used [0x0000000080000000,0x000000008d1813f0,0x000000008d200000)
 Metaspace       used 75667K, committed 77312K, reserved 1179648K
  class space    used 7997K, committed 8768K, reserved 1048576K
}
Event: 110.892 GC heap after
{Heap after GC invocations=432 (full 3):
 PSYoungGen      total 2048K, used 288K [0x00000000d5580000, 0x00000000d5880000, 0x0000000100000000)
  eden space 1536K, 0% used [0x00000000d5580000,0x00000000d5580000,0x00000000d5700000)
  from space 512K, 56% used [0x00000000d5780000,0x00000000d57c8000,0x00000000d5800000)
  to   space 512K, 0% used [0x00000000d5800000,0x00000000d5800000,0x00000000d5880000)
 ParOldGen       total 215040K, used 214669K [0x0000000080000000, 0x000000008d200000, 0x00000000d5580000)
  object space 215040K, 99% used [0x0000000080000000,0x000000008d1a3410,0x000000008d200000)
 Metaspace       used 75667K, committed 77312K, reserved 1179648K
  class space    used 7997K, committed 8768K, reserved 1048576K
}
Event: 110.928 GC heap before
{Heap before GC invocations=433 (full 3):
 PSYoungGen      total 2048K, used 1824K [0x00000000d5580000, 0x00000000d5880000, 0x0000000100000000)
  eden space 1536K, 100% used [0x00000000d5580000,0x00000000d5700000,0x00000000d5700000)
  from space 512K, 56% used [0x00000000d5780000,0x00000000d57c8000,0x00000000d5800000)
  to   space 512K, 0% used [0x00000000d5800000,0x00000000d5800000,0x00000000d5880000)
 ParOldGen       total 215040K, used 214669K [0x0000000080000000, 0x000000008d200000, 0x00000000d5580000)
  object space 215040K, 99% used [0x0000000080000000,0x000000008d1a3410,0x000000008d200000)
 Metaspace       used 75684K, committed 77312K, reserved 1179648K
  class space    used 7998K, committed 8768K, reserved 1048576K
}
Event: 110.930 GC heap after
{Heap after GC invocations=433 (full 3):
 PSYoungGen      total 2048K, used 256K [0x00000000d5580000, 0x00000000d5880000, 0x0000000100000000)
  eden space 1536K, 0% used [0x00000000d5580000,0x00000000d5580000,0x00000000d5700000)
  from space 512K, 50% used [0x00000000d5800000,0x00000000d5840000,0x00000000d5880000)
  to   space 512K, 0% used [0x00000000d5780000,0x00000000d5780000,0x00000000d5800000)
 ParOldGen       total 215040K, used 214755K [0x0000000080000000, 0x000000008d200000, 0x00000000d5580000)
  object space 215040K, 99% used [0x0000000080000000,0x000000008d1b8ce0,0x000000008d200000)
 Metaspace       used 75684K, committed 77312K, reserved 1179648K
  class space    used 7998K, committed 8768K, reserved 1048576K
}
Event: 110.949 GC heap before
{Heap before GC invocations=434 (full 3):
 PSYoungGen      total 2048K, used 1792K [0x00000000d5580000, 0x00000000d5880000, 0x0000000100000000)
  eden space 1536K, 100% used [0x00000000d5580000,0x00000000d5700000,0x00000000d5700000)
  from space 512K, 50% used [0x00000000d5800000,0x00000000d5840000,0x00000000d5880000)
  to   space 512K, 0% used [0x00000000d5780000,0x00000000d5780000,0x00000000d5800000)
 ParOldGen       total 215040K, used 214755K [0x0000000080000000, 0x000000008d200000, 0x00000000d5580000)
  object space 215040K, 99% used [0x0000000080000000,0x000000008d1b8ce0,0x000000008d200000)
 Metaspace       used 75697K, committed 77376K, reserved 1179648K
  class space    used 7999K, committed 8768K, reserved 1048576K
}
Event: 110.951 GC heap after
{Heap after GC invocations=434 (full 3):
 PSYoungGen      total 2048K, used 320K [0x00000000d5580000, 0x00000000d5880000, 0x0000000100000000)
  eden space 1536K, 0% used [0x00000000d5580000,0x00000000d5580000,0x00000000d5700000)
  from space 512K, 62% used [0x00000000d5780000,0x00000000d57d0000,0x00000000d5800000)
  to   space 512K, 0% used [0x00000000d5800000,0x00000000d5800000,0x00000000d5880000)
 ParOldGen       total 215040K, used 214819K [0x0000000080000000, 0x000000008d200000, 0x00000000d5580000)
  object space 215040K, 99% used [0x0000000080000000,0x000000008d1c8ce0,0x000000008d200000)
 Metaspace       used 75697K, committed 77376K, reserved 1179648K
  class space    used 7999K, committed 8768K, reserved 1048576K
}
Event: 111.015 GC heap before
{Heap before GC invocations=435 (full 3):
 PSYoungGen      total 2048K, used 1856K [0x00000000d5580000, 0x00000000d5880000, 0x0000000100000000)
  eden space 1536K, 100% used [0x00000000d5580000,0x00000000d5700000,0x00000000d5700000)
  from space 512K, 62% used [0x00000000d5780000,0x00000000d57d0000,0x00000000d5800000)
  to   space 512K, 0% used [0x00000000d5800000,0x00000000d5800000,0x00000000d5880000)
 ParOldGen       total 215040K, used 214819K [0x0000000080000000, 0x000000008d200000, 0x00000000d5580000)
  object space 215040K, 99% used [0x0000000080000000,0x000000008d1c8ce0,0x000000008d200000)
 Metaspace       used 75713K, committed 77376K, reserved 1179648K
  class space    used 8000K, committed 8768K, reserved 1048576K
}
Event: 111.016 GC heap after
{Heap after GC invocations=435 (full 3):
 PSYoungGen      total 2048K, used 192K [0x00000000d5580000, 0x00000000d5880000, 0x0000000100000000)
  eden space 1536K, 0% used [0x00000000d5580000,0x00000000d5580000,0x00000000d5700000)
  from space 512K, 37% used [0x00000000d5800000,0x00000000d5830000,0x00000000d5880000)
  to   space 512K, 0% used [0x00000000d5780000,0x00000000d5780000,0x00000000d5800000)
 ParOldGen       total 215040K, used 214867K [0x0000000080000000, 0x000000008d200000, 0x00000000d5580000)
  object space 215040K, 99% used [0x0000000080000000,0x000000008d1d4ce0,0x000000008d200000)
 Metaspace       used 75713K, committed 77376K, reserved 1179648K
  class space    used 8000K, committed 8768K, reserved 1048576K
}
Event: 111.038 GC heap before
{Heap before GC invocations=436 (full 3):
 PSYoungGen      total 2048K, used 1728K [0x00000000d5580000, 0x00000000d5880000, 0x0000000100000000)
  eden space 1536K, 100% used [0x00000000d5580000,0x00000000d5700000,0x00000000d5700000)
  from space 512K, 37% used [0x00000000d5800000,0x00000000d5830000,0x00000000d5880000)
  to   space 512K, 0% used [0x00000000d5780000,0x00000000d5780000,0x00000000d5800000)
 ParOldGen       total 215040K, used 214867K [0x0000000080000000, 0x000000008d200000, 0x00000000d5580000)
  object space 215040K, 99% used [0x0000000080000000,0x000000008d1d4ce0,0x000000008d200000)
 Metaspace       used 75729K, committed 77376K, reserved 1179648K
  class space    used 8000K, committed 8768K, reserved 1048576K
}
Event: 111.040 GC heap after
{Heap after GC invocations=436 (full 3):
 PSYoungGen      total 2048K, used 224K [0x00000000d5580000, 0x00000000d5880000, 0x0000000100000000)
  eden space 1536K, 0% used [0x00000000d5580000,0x00000000d5580000,0x00000000d5700000)
  from space 512K, 43% used [0x00000000d5780000,0x00000000d57b8000,0x00000000d5800000)
  to   space 512K, 0% used [0x00000000d5800000,0x00000000d5800000,0x00000000d5880000)
 ParOldGen       total 215040K, used 214955K [0x0000000080000000, 0x000000008d200000, 0x00000000d5580000)
  object space 215040K, 99% used [0x0000000080000000,0x000000008d1eace0,0x000000008d200000)
 Metaspace       used 75729K, committed 77376K, reserved 1179648K
  class space    used 8000K, committed 8768K, reserved 1048576K
}
Event: 362.721 GC heap before
{Heap before GC invocations=437 (full 3):
 PSYoungGen      total 2048K, used 1748K [0x00000000d5580000, 0x00000000d5880000, 0x0000000100000000)
  eden space 1536K, 99% used [0x00000000d5580000,0x00000000d56fd268,0x00000000d5700000)
  from space 512K, 43% used [0x00000000d5780000,0x00000000d57b8000,0x00000000d5800000)
  to   space 512K, 0% used [0x00000000d5800000,0x00000000d5800000,0x00000000d5880000)
 ParOldGen       total 215040K, used 214955K [0x0000000080000000, 0x000000008d200000, 0x00000000d5580000)
  object space 215040K, 99% used [0x0000000080000000,0x000000008d1eace0,0x000000008d200000)
 Metaspace       used 75812K, committed 77504K, reserved 1179648K
  class space    used 8014K, committed 8768K, reserved 1048576K
}
Event: 362.805 GC heap after
{Heap after GC invocations=437 (full 3):
 PSYoungGen      total 2048K, used 225K [0x00000000d5580000, 0x00000000d5880000, 0x0000000100000000)
  eden space 1536K, 0% used [0x00000000d5580000,0x00000000d5580000,0x00000000d5700000)
  from space 512K, 44% used [0x00000000d5800000,0x00000000d5838540,0x00000000d5880000)
  to   space 512K, 0% used [0x00000000d5780000,0x00000000d5780000,0x00000000d5800000)
 ParOldGen       total 215040K, used 215019K [0x0000000080000000, 0x000000008d200000, 0x00000000d5580000)
  object space 215040K, 99% used [0x0000000080000000,0x000000008d1face0,0x000000008d200000)
 Metaspace       used 75812K, committed 77504K, reserved 1179648K
  class space    used 8014K, committed 8768K, reserved 1048576K
}
Event: 363.016 GC heap before
{Heap before GC invocations=438 (full 3):
 PSYoungGen      total 2048K, used 1745K [0x00000000d5580000, 0x00000000d5880000, 0x0000000100000000)
  eden space 1536K, 98% used [0x00000000d5580000,0x00000000d56fc188,0x00000000d5700000)
  from space 512K, 44% used [0x00000000d5800000,0x00000000d5838540,0x00000000d5880000)
  to   space 512K, 0% used [0x00000000d5780000,0x00000000d5780000,0x00000000d5800000)
 ParOldGen       total 215040K, used 215019K [0x0000000080000000, 0x000000008d200000, 0x00000000d5580000)
  object space 215040K, 99% used [0x0000000080000000,0x000000008d1face0,0x000000008d200000)
 Metaspace       used 75954K, committed 77632K, reserved 1179648K
  class space    used 8029K, committed 8768K, reserved 1048576K
}
Event: 363.017 GC heap after
{Heap after GC invocations=438 (full 3):
 PSYoungGen      total 2048K, used 288K [0x00000000d5580000, 0x00000000d5880000, 0x0000000100000000)
  eden space 1536K, 0% used [0x00000000d5580000,0x00000000d5580000,0x00000000d5700000)
  from space 512K, 56% used [0x00000000d5780000,0x00000000d57c8000,0x00000000d5800000)
  to   space 512K, 0% used [0x00000000d5800000,0x00000000d5800000,0x00000000d5880000)
 ParOldGen       total 215552K, used 215091K [0x0000000080000000, 0x000000008d280000, 0x00000000d5580000)
  object space 215552K, 99% used [0x0000000080000000,0x000000008d20cce0,0x000000008d280000)
 Metaspace       used 75954K, committed 77632K, reserved 1179648K
  class space    used 8029K, committed 8768K, reserved 1048576K
}

Dll operation events (12 events):
Event: 0.033 Loaded shared library c:\Users\pooja\.vscode\extensions\redhat.java-1.49.0-win32-x64\jre\21.0.9-win32-x86_64\bin\java.dll
Event: 0.239 Loaded shared library c:\Users\pooja\.vscode\extensions\redhat.java-1.49.0-win32-x64\jre\21.0.9-win32-x86_64\bin\zip.dll
Event: 0.269 Loaded shared library C:\Users\pooja\.vscode\extensions\redhat.java-1.49.0-win32-x64\jre\21.0.9-win32-x86_64\bin\instrument.dll
Event: 0.279 Loaded shared library C:\Users\pooja\.vscode\extensions\redhat.java-1.49.0-win32-x64\jre\21.0.9-win32-x86_64\bin\net.dll
Event: 0.281 Loaded shared library C:\Users\pooja\.vscode\extensions\redhat.java-1.49.0-win32-x64\jre\21.0.9-win32-x86_64\bin\nio.dll
Event: 0.284 Loaded shared library C:\Users\pooja\.vscode\extensions\redhat.java-1.49.0-win32-x64\jre\21.0.9-win32-x86_64\bin\zip.dll
Event: 0.308 Loaded shared library C:\Users\pooja\.vscode\extensions\redhat.java-1.49.0-win32-x64\jre\21.0.9-win32-x86_64\bin\jimage.dll
Event: 0.394 Loaded shared library c:\Users\pooja\.vscode\extensions\redhat.java-1.49.0-win32-x64\jre\21.0.9-win32-x86_64\bin\verify.dll
Event: 16.881 Loaded shared library C:\Users\pooja\AppData\Roaming\Code\User\globalStorage\redhat.java\1.49.0\config_win\org.eclipse.equinox.launcher\org.eclipse.equinox.launcher.win32.win32.x86_64_1.2.1400.v20250801-0854\eclipse_11916.dll
Event: 46.261 Loaded shared library C:\Users\pooja\AppData\Local\Temp\jna-106851207\jna9970231346002472839.dll
Event: 53.170 Loaded shared library C:\Users\pooja\.vscode\extensions\redhat.java-1.49.0-win32-x64\jre\21.0.9-win32-x86_64\bin\sunmscapi.dll
Event: 53.532 Loaded shared library C:\Users\pooja\.vscode\extensions\redhat.java-1.49.0-win32-x64\jre\21.0.9-win32-x86_64\bin\extnet.dll

Deoptimization events (20 events):
Event: 362.923 Thread 0x000002a7c58be7a0 Uncommon trap: trap_request=0xffffffc6 fr.pc=0x000002a7f1a1d6e4 relative=0x0000000000000764
Event: 362.923 Thread 0x000002a7c58be7a0 Uncommon trap: reason=bimorphic_or_optimized_type_check action=maybe_recompile pc=0x000002a7f1a1d6e4 method=java.io.DataOutputStream.writeInt(I)V @ 19 c2
Event: 362.923 Thread 0x000002a7c58be7a0 DEOPT PACKING pc=0x000002a7f1a1d6e4 sp=0x000000cbe10feb90
Event: 362.923 Thread 0x000002a7c58be7a0 DEOPT UNPACKING pc=0x000002a7f1036da2 sp=0x000000cbe10feb68 mode 2
Event: 362.923 Thread 0x000002a7c58be7a0 Uncommon trap: trap_request=0xffffffc6 fr.pc=0x000002a7f1a1b554 relative=0x0000000000001054
Event: 362.923 Thread 0x000002a7c58be7a0 Uncommon trap: reason=bimorphic_or_optimized_type_check action=maybe_recompile pc=0x000002a7f1a1b554 method=java.io.DataOutputStream.write([BII)V @ 7 c2
Event: 362.923 Thread 0x000002a7c58be7a0 DEOPT PACKING pc=0x000002a7f1a1b554 sp=0x000000cbe10febf0
Event: 362.923 Thread 0x000002a7c58be7a0 DEOPT UNPACKING pc=0x000002a7f1036da2 sp=0x000000cbe10feb30 mode 2
Event: 362.923 Thread 0x000002a7c58be7a0 Uncommon trap: trap_request=0xffffffc6 fr.pc=0x000002a7f1a1b554 relative=0x0000000000001054
Event: 362.923 Thread 0x000002a7c58be7a0 Uncommon trap: reason=bimorphic_or_optimized_type_check action=maybe_recompile pc=0x000002a7f1a1b554 method=java.io.DataOutputStream.write([BII)V @ 7 c2
Event: 362.923 Thread 0x000002a7c58be7a0 DEOPT PACKING pc=0x000002a7f1a1b554 sp=0x000000cbe10febf0
Event: 362.923 Thread 0x000002a7c58be7a0 DEOPT UNPACKING pc=0x000002a7f1036da2 sp=0x000000cbe10feb30 mode 2
Event: 362.924 Thread 0x000002a7c58be7a0 Uncommon trap: trap_request=0xffffffc6 fr.pc=0x000002a7f17a7a98 relative=0x0000000000001778
Event: 362.924 Thread 0x000002a7c58be7a0 Uncommon trap: reason=bimorphic_or_optimized_type_check action=maybe_recompile pc=0x000002a7f17a7a98 method=java.io.DataOutputStream.write([BII)V @ 7 c2
Event: 362.924 Thread 0x000002a7c58be7a0 DEOPT PACKING pc=0x000002a7f17a7a98 sp=0x000000cbe10fe550
Event: 362.924 Thread 0x000002a7c58be7a0 DEOPT UNPACKING pc=0x000002a7f1036da2 sp=0x000000cbe10fe4b0 mode 2
Event: 363.015 Thread 0x000002a7c58be7a0 Uncommon trap: trap_request=0xffffffc6 fr.pc=0x000002a7f1ca075c relative=0x0000000000000ddc
Event: 363.015 Thread 0x000002a7c58be7a0 Uncommon trap: reason=bimorphic_or_optimized_type_check action=maybe_recompile pc=0x000002a7f1ca075c method=java.util.Properties.load0(Ljava/util/Properties$LineReader;)V @ 241 c2
Event: 363.015 Thread 0x000002a7c58be7a0 DEOPT PACKING pc=0x000002a7f1ca075c sp=0x000000cbe10fee40
Event: 363.015 Thread 0x000002a7c58be7a0 DEOPT UNPACKING pc=0x000002a7f1036da2 sp=0x000000cbe10fede0 mode 2

Classes loaded (20 events):
Event: 107.179 Loading class java/util/concurrent/ArrayBlockingQueue
Event: 107.180 Loading class java/util/concurrent/ArrayBlockingQueue done
Event: 107.485 Loading class java/util/concurrent/ConcurrentHashMap$KeySpliterator
Event: 107.486 Loading class java/util/concurrent/ConcurrentHashMap$KeySpliterator done
Event: 109.377 Loading class jdk/internal/module/IllegalAccessLogger
Event: 109.377 Loading class jdk/internal/module/IllegalAccessLogger done
Event: 109.860 Loading class java/io/CharArrayWriter
Event: 109.860 Loading class java/io/CharArrayWriter done
Event: 109.872 Loading class java/nio/file/attribute/PosixFileAttributes
Event: 109.875 Loading class java/nio/file/attribute/PosixFileAttributes done
Event: 362.698 Loading class java/util/stream/Nodes$CollectorTask$OfRef
Event: 362.704 Loading class java/util/stream/Nodes$CollectorTask
Event: 362.707 Loading class java/util/stream/Nodes$CollectorTask done
Event: 362.707 Loading class java/util/stream/Nodes$CollectorTask$OfRef done
Event: 362.708 Loading class java/util/function/LongFunction
Event: 362.709 Loading class java/util/function/LongFunction done
Event: 362.711 Loading class java/util/stream/Nodes$ConcNode
Event: 362.713 Loading class java/util/stream/Nodes$AbstractConcNode
Event: 362.715 Loading class java/util/stream/Nodes$AbstractConcNode done
Event: 362.715 Loading class java/util/stream/Nodes$ConcNode done

Classes unloaded (7 events):
Event: 47.605 Thread 0x000002a7e6822f40 Unloading class 0x000002a7811b3000 'java/lang/invoke/LambdaForm$MH+0x000002a7811b3000'
Event: 47.605 Thread 0x000002a7e6822f40 Unloading class 0x000002a7811b2c00 'java/lang/invoke/LambdaForm$MH+0x000002a7811b2c00'
Event: 47.605 Thread 0x000002a7e6822f40 Unloading class 0x000002a7811b2800 'java/lang/invoke/LambdaForm$MH+0x000002a7811b2800'
Event: 47.605 Thread 0x000002a7e6822f40 Unloading class 0x000002a7811b2400 'java/lang/invoke/LambdaForm$MH+0x000002a7811b2400'
Event: 47.605 Thread 0x000002a7e6822f40 Unloading class 0x000002a7811b2000 'java/lang/invoke/LambdaForm$BMH+0x000002a7811b2000'
Event: 47.605 Thread 0x000002a7e6822f40 Unloading class 0x000002a7811b1c00 'java/lang/invoke/LambdaForm$DMH+0x000002a7811b1c00'
Event: 47.605 Thread 0x000002a7e6822f40 Unloading class 0x000002a7811b0800 'java/lang/invoke/LambdaForm$DMH+0x000002a7811b0800'

Classes redefined (0 events):
No events

Internal exceptions (20 events):
Event: 105.362 Thread 0x000002a7c51e5e30 Exception <a 'java/lang/NoSuchMethodError'{0x00000000d5955af8}: 'java.lang.Object java.lang.invoke.DirectMethodHandle$Holder.invokeSpecial(java.lang.Object, java.lang.Object, java.lang.Object, int, java.lang.Object, java.lang.Object, java.lang.Object)'> (0x00000000d5955af8) 
thrown [s\src\hotspot\share\interpreter\linkResolver.cpp, line 773]
Event: 106.163 Thread 0x000002a7c58bac90 Implicit null exception at 0x000002a7f1c91027 to 0x000002a7f1c913bc
Event: 107.237 Thread 0x000002a7c603bc10 Exception <a 'java/lang/NoSuchMethodError'{0x00000000d587c410}: 'void java.lang.invoke.DirectMethodHandle$Holder.invokeStatic(java.lang.Object, int, java.lang.Object)'> (0x00000000d587c410) 
thrown [s\src\hotspot\share\interpreter\linkResolver.cpp, line 773]
Event: 107.493 Thread 0x000002a7c58bac90 Exception <a 'java/lang/NoSuchMethodError'{0x00000000d58739c0}: 'java.lang.Object java.lang.invoke.DirectMethodHandle$Holder.newInvokeSpecial(java.lang.Object, java.lang.Object, int, int, java.lang.Object)'> (0x00000000d58739c0) 
thrown [s\src\hotspot\share\interpreter\linkResolver.cpp, line 773]
Event: 109.397 Thread 0x000002a7c58bac90 Exception <a 'sun/nio/fs/WindowsException'{0x00000000d58921a8}> (0x00000000d58921a8) 
thrown [s\src\hotspot\share\prims\jni.cpp, line 520]
Event: 109.397 Thread 0x000002a7c58bac90 Exception <a 'sun/nio/fs/WindowsException'{0x00000000d58927e8}> (0x00000000d58927e8) 
thrown [s\src\hotspot\share\prims\jni.cpp, line 520]
Event: 109.877 Thread 0x000002a7c58bac90 Exception <a 'sun/nio/fs/WindowsException'{0x00000000d55aba00}> (0x00000000d55aba00) 
thrown [s\src\hotspot\share\prims\jni.cpp, line 520]
Event: 110.024 Thread 0x000002a7c51eb380 Exception <a 'sun/nio/fs/WindowsException'{0x00000000d584a058}> (0x00000000d584a058) 
thrown [s\src\hotspot\share\prims\jni.cpp, line 520]
Event: 110.024 Thread 0x000002a7c51eb380 Exception <a 'sun/nio/fs/WindowsException'{0x00000000d584a698}> (0x00000000d584a698) 
thrown [s\src\hotspot\share\prims\jni.cpp, line 520]
Event: 110.025 Thread 0x000002a7c51eb380 Exception <a 'sun/nio/fs/WindowsException'{0x00000000d584bfc0}> (0x00000000d584bfc0) 
thrown [s\src\hotspot\share\prims\jni.cpp, line 520]
Event: 110.025 Thread 0x000002a7c51eb380 Exception <a 'sun/nio/fs/WindowsException'{0x00000000d584d418}> (0x00000000d584d418) 
thrown [s\src\hotspot\share\prims\jni.cpp, line 520]
Event: 110.026 Thread 0x000002a7c51eb380 Exception <a 'sun/nio/fs/WindowsException'{0x00000000d5869568}> (0x00000000d5869568) 
thrown [s\src\hotspot\share\prims\jni.cpp, line 520]
Event: 110.027 Thread 0x000002a7c51eb380 Exception <a 'sun/nio/fs/WindowsException'{0x00000000d5878228}> (0x00000000d5878228) 
thrown [s\src\hotspot\share\prims\jni.cpp, line 520]
Event: 110.063 Thread 0x000002a7c51eb380 Exception <a 'sun/nio/fs/WindowsException'{0x00000000d58f50b8}> (0x00000000d58f50b8) 
thrown [s\src\hotspot\share\prims\jni.cpp, line 520]
Event: 110.064 Thread 0x000002a7c51eb380 Exception <a 'sun/nio/fs/WindowsException'{0x00000000d58f5960}> (0x00000000d58f5960) 
thrown [s\src\hotspot\share\prims\jni.cpp, line 520]
Event: 110.812 Thread 0x000002a7c51eb380 Exception <a 'java/lang/NoSuchMethodError'{0x00000000d5592268}: 'java.lang.Object java.lang.invoke.DirectMethodHandle$Holder.invokeStatic(java.lang.Object, java.lang.Object, int, java.lang.Object)'> (0x00000000d5592268) 
thrown [s\src\hotspot\share\interpreter\linkResolver.cpp, line 773]
Event: 362.849 Thread 0x000002a7c58be7a0 Exception <a 'sun/nio/fs/WindowsException'{0x00000000d5606a08}> (0x00000000d5606a08) 
thrown [s\src\hotspot\share\prims\jni.cpp, line 520]
Event: 362.849 Thread 0x000002a7c58be7a0 Exception <a 'sun/nio/fs/WindowsException'{0x00000000d5607538}> (0x00000000d5607538) 
thrown [s\src\hotspot\share\prims\jni.cpp, line 520]
Event: 362.852 Thread 0x000002a7c58be7a0 Implicit null exception at 0x000002a7f1bec586 to 0x000002a7f1bec90c
Event: 362.904 Thread 0x000002a7c58be7a0 Exception <a 'java/lang/NoSuchMethodError'{0x00000000d5690a30}: static [J.<clinit>()V> (0x00000000d5690a30) 
thrown [s\src\hotspot\share\prims\jni.cpp, line 1111]

ZGC Phase Switch (0 events):
No events

VM Operations (20 events):
Event: 56459.992 Executing VM operation: HandshakeAllThreads (HandshakeForDeflation)
Event: 56459.996 Executing VM operation: HandshakeAllThreads (HandshakeForDeflation) done
Event: 56459.996 Executing VM operation: RendezvousGCThreads
Event: 56459.996 Executing VM operation: RendezvousGCThreads done
Event: 56940.975 Executing VM operation: HandshakeAllThreads (HandshakeForDeflation)
Event: 56940.979 Executing VM operation: HandshakeAllThreads (HandshakeForDeflation) done
Event: 56940.980 Executing VM operation: RendezvousGCThreads
Event: 56940.980 Executing VM operation: RendezvousGCThreads done
Event: 57061.252 Executing VM operation: HandshakeAllThreads (HandshakeForDeflation)
Event: 57061.252 Executing VM operation: HandshakeAllThreads (HandshakeForDeflation) done
Event: 57061.252 Executing VM operation: RendezvousGCThreads
Event: 57061.252 Executing VM operation: RendezvousGCThreads done
Event: 57121.464 Executing VM operation: HandshakeAllThreads (HandshakeForDeflation)
Event: 57121.464 Executing VM operation: HandshakeAllThreads (HandshakeForDeflation) done
Event: 57121.464 Executing VM operation: RendezvousGCThreads
Event: 57121.464 Executing VM operation: RendezvousGCThreads done
Event: 57362.055 Executing VM operation: HandshakeAllThreads (HandshakeForDeflation)
Event: 57362.061 Executing VM operation: HandshakeAllThreads (HandshakeForDeflation) done
Event: 57362.061 Executing VM operation: RendezvousGCThreads
Event: 57362.061 Executing VM operation: RendezvousGCThreads done

Memory protections (0 events):
No events

Nmethod flushes (20 events):
Event: 66.136 Thread 0x000002a7e6822f40 flushing  nmethod 0x000002a7ea53e990
Event: 66.136 Thread 0x000002a7e6822f40 flushing  nmethod 0x000002a7ea544e90
Event: 66.136 Thread 0x000002a7e6822f40 flushing  nmethod 0x000002a7ea545410
Event: 66.136 Thread 0x000002a7e6822f40 flushing  nmethod 0x000002a7ea546990
Event: 66.136 Thread 0x000002a7e6822f40 flushing  nmethod 0x000002a7ea565110
Event: 66.136 Thread 0x000002a7e6822f40 flushing osr nmethod 0x000002a7ea565990
Event: 66.136 Thread 0x000002a7e6822f40 flushing  nmethod 0x000002a7ea56c890
Event: 66.136 Thread 0x000002a7e6822f40 flushing  nmethod 0x000002a7ea56d710
Event: 66.136 Thread 0x000002a7e6822f40 flushing  nmethod 0x000002a7ea56e610
Event: 66.136 Thread 0x000002a7e6822f40 flushing  nmethod 0x000002a7ea582010
Event: 66.136 Thread 0x000002a7e6822f40 flushing  nmethod 0x000002a7ea587a10
Event: 66.136 Thread 0x000002a7e6822f40 flushing  nmethod 0x000002a7ea589610
Event: 66.136 Thread 0x000002a7e6822f40 flushing  nmethod 0x000002a7ea589f10
Event: 66.136 Thread 0x000002a7e6822f40 flushing  nmethod 0x000002a7ea58b010
Event: 66.136 Thread 0x000002a7e6822f40 flushing  nmethod 0x000002a7ea5a1290
Event: 66.136 Thread 0x000002a7e6822f40 flushing  nmethod 0x000002a7ea5a8b10
Event: 66.136 Thread 0x000002a7e6822f40 flushing  nmethod 0x000002a7ea5d2910
Event: 66.136 Thread 0x000002a7e6822f40 flushing  nmethod 0x000002a7ea5e7510
Event: 66.136 Thread 0x000002a7e6822f40 flushing  nmethod 0x000002a7ea5ead10
Event: 66.136 Thread 0x000002a7e6822f40 flushing  nmethod 0x000002a7ea60c510

Events (20 events):
Event: 368.029 Thread 0x000002a7c51a8ae0 Thread exited: 0x000002a7c51a8ae0
Event: 405.374 Thread 0x000002a7c58be110 Thread exited: 0x000002a7c58be110
Event: 406.280 Thread 0x000002a7c603a1d0 Thread exited: 0x000002a7c603a1d0
Event: 406.280 Thread 0x000002a7c603e370 Thread exited: 0x000002a7c603e370
Event: 406.286 Thread 0x000002a7c6038100 Thread exited: 0x000002a7c6038100
Event: 406.296 Thread 0x000002a7c603aef0 Thread exited: 0x000002a7c603aef0
Event: 406.303 Thread 0x000002a7c6039b40 Thread exited: 0x000002a7c6039b40
Event: 409.009 Thread 0x000002a7c603f720 Thread exited: 0x000002a7c603f720
Event: 409.009 Thread 0x000002a7c6038790 Thread exited: 0x000002a7c6038790
Event: 409.009 Thread 0x000002a7c603dce0 Thread exited: 0x000002a7c603dce0
Event: 409.010 Thread 0x000002a7c603a860 Thread exited: 0x000002a7c603a860
Event: 409.011 Thread 0x000002a7c603d650 Thread exited: 0x000002a7c603d650
Event: 409.264 Thread 0x000002a7c58c1c20 Thread exited: 0x000002a7c58c1c20
Event: 409.387 Thread 0x000002a7c603f090 Thread exited: 0x000002a7c603f090
Event: 410.793 Thread 0x000002a7c58bc040 Thread exited: 0x000002a7c58bc040
Event: 465.385 Thread 0x000002a7c58c01e0 Thread exited: 0x000002a7c58c01e0
Event: 470.807 Thread 0x000002a7c58bd3f0 Thread exited: 0x000002a7c58bd3f0
Event: 525.388 Thread 0x000002a7c58bee30 Thread exited: 0x000002a7c58bee30
Event: 530.807 Thread 0x000002a7c58c0870 Thread exited: 0x000002a7c58c0870
Event: 585.399 Thread 0x000002a7c58bf4c0 Thread exited: 0x000002a7c58bf4c0


Dynamic libraries:
0x00007ff7798b0000 - 0x00007ff7798be000 	c:\Users\pooja\.vscode\extensions\redhat.java-1.49.0-win32-x64\jre\21.0.9-win32-x86_64\bin\java.exe
0x00007ffef9ef0000 - 0x00007ffefa0e8000 	C:\Windows\SYSTEM32\ntdll.dll
0x00007ffef9210000 - 0x00007ffef92d2000 	C:\Windows\System32\KERNEL32.DLL
0x00007ffef7980000 - 0x00007ffef7c76000 	C:\Windows\System32\KERNELBASE.dll
0x00007ffeef680000 - 0x00007ffeef714000 	C:\Windows\SYSTEM32\apphelp.dll
0x00007ffef7830000 - 0x00007ffef7930000 	C:\Windows\System32\ucrtbase.dll
0x00007ffebd350000 - 0x00007ffebd368000 	c:\Users\pooja\.vscode\extensions\redhat.java-1.49.0-win32-x64\jre\21.0.9-win32-x86_64\bin\jli.dll
0x00007ffebf000000 - 0x00007ffebf01e000 	c:\Users\pooja\.vscode\extensions\redhat.java-1.49.0-win32-x64\jre\21.0.9-win32-x86_64\bin\VCRUNTIME140.dll
0x00007ffef9ac0000 - 0x00007ffef9c5d000 	C:\Windows\System32\USER32.dll
0x00007ffef7800000 - 0x00007ffef7822000 	C:\Windows\System32\win32u.dll
0x00007ffee0460000 - 0x00007ffee06fb000 	C:\Windows\WinSxS\amd64_microsoft.windows.common-controls_6595b64144ccf1df_6.0.19041.6280_none_60bc30a171f2f3f3\COMCTL32.dll
0x00007ffef90a0000 - 0x00007ffef90cb000 	C:\Windows\System32\GDI32.dll
0x00007ffef7d60000 - 0x00007ffef7e79000 	C:\Windows\System32\gdi32full.dll
0x00007ffef8890000 - 0x00007ffef892e000 	C:\Windows\System32\msvcrt.dll
0x00007ffef7e80000 - 0x00007ffef7f1d000 	C:\Windows\System32\msvcp_win.dll
0x00007ffef8470000 - 0x00007ffef849f000 	C:\Windows\System32\IMM32.DLL
0x00007ffeef2d0000 - 0x00007ffeef2dc000 	c:\Users\pooja\.vscode\extensions\redhat.java-1.49.0-win32-x64\jre\21.0.9-win32-x86_64\bin\vcruntime140_1.dll
0x00007ffeae9c0000 - 0x00007ffeaea4d000 	c:\Users\pooja\.vscode\extensions\redhat.java-1.49.0-win32-x64\jre\21.0.9-win32-x86_64\bin\msvcp140.dll
0x00007ffe54ff0000 - 0x00007ffe55d90000 	c:\Users\pooja\.vscode\extensions\redhat.java-1.49.0-win32-x64\jre\21.0.9-win32-x86_64\bin\server\jvm.dll
0x00007ffef90d0000 - 0x00007ffef9181000 	C:\Windows\System32\ADVAPI32.dll
0x00007ffef8580000 - 0x00007ffef861f000 	C:\Windows\System32\sechost.dll
0x00007ffef7ff0000 - 0x00007ffef8110000 	C:\Windows\System32\RPCRT4.dll
0x00007ffef7d30000 - 0x00007ffef7d57000 	C:\Windows\System32\bcrypt.dll
0x00007ffef9d80000 - 0x00007ffef9deb000 	C:\Windows\System32\WS2_32.dll
0x00007ffef6b20000 - 0x00007ffef6b6b000 	C:\Windows\SYSTEM32\POWRPROF.dll
0x00007ffee07c0000 - 0x00007ffee07e7000 	C:\Windows\SYSTEM32\WINMM.dll
0x00007ffee9760000 - 0x00007ffee976a000 	C:\Windows\SYSTEM32\VERSION.dll
0x00007ffef6990000 - 0x00007ffef69a2000 	C:\Windows\SYSTEM32\UMPDC.dll
0x00007ffef5d70000 - 0x00007ffef5d82000 	C:\Windows\SYSTEM32\kernel.appcore.dll
0x00007ffee1d00000 - 0x00007ffee1d0a000 	c:\Users\pooja\.vscode\extensions\redhat.java-1.49.0-win32-x64\jre\21.0.9-win32-x86_64\bin\jimage.dll
0x00007ffef50f0000 - 0x00007ffef52f1000 	C:\Windows\SYSTEM32\DBGHELP.DLL
0x00007ffedaf50000 - 0x00007ffedaf84000 	C:\Windows\SYSTEM32\dbgcore.DLL
0x00007ffef7590000 - 0x00007ffef7612000 	C:\Windows\System32\bcryptPrimitives.dll
0x00007ffeda2c0000 - 0x00007ffeda2cf000 	c:\Users\pooja\.vscode\extensions\redhat.java-1.49.0-win32-x64\jre\21.0.9-win32-x86_64\bin\instrument.dll
0x00007ffebf760000 - 0x00007ffebf780000 	c:\Users\pooja\.vscode\extensions\redhat.java-1.49.0-win32-x64\jre\21.0.9-win32-x86_64\bin\java.dll
0x00007ffef8930000 - 0x00007ffef90a0000 	C:\Windows\System32\SHELL32.dll
0x00007ffef5400000 - 0x00007ffef5ba5000 	C:\Windows\SYSTEM32\windows.storage.dll
0x00007ffef8110000 - 0x00007ffef8463000 	C:\Windows\System32\combase.dll
0x00007ffef6fc0000 - 0x00007ffef6feb000 	C:\Windows\SYSTEM32\Wldp.dll
0x00007ffef92e0000 - 0x00007ffef93ad000 	C:\Windows\System32\OLEAUT32.dll
0x00007ffef9df0000 - 0x00007ffef9e9d000 	C:\Windows\System32\SHCORE.dll
0x00007ffef94e0000 - 0x00007ffef953b000 	C:\Windows\System32\shlwapi.dll
0x00007ffef74c0000 - 0x00007ffef74e4000 	C:\Windows\SYSTEM32\profapi.dll
0x00007ffebf310000 - 0x00007ffebf328000 	c:\Users\pooja\.vscode\extensions\redhat.java-1.49.0-win32-x64\jre\21.0.9-win32-x86_64\bin\zip.dll
0x00007ffed9c90000 - 0x00007ffed9ca0000 	C:\Users\pooja\.vscode\extensions\redhat.java-1.49.0-win32-x64\jre\21.0.9-win32-x86_64\bin\net.dll
0x00007ffeeff10000 - 0x00007ffef001a000 	C:\Windows\SYSTEM32\WINHTTP.dll
0x00007ffef6d20000 - 0x00007ffef6d8a000 	C:\Windows\system32\mswsock.dll
0x00007ffebb4a0000 - 0x00007ffebb4b6000 	C:\Users\pooja\.vscode\extensions\redhat.java-1.49.0-win32-x64\jre\21.0.9-win32-x86_64\bin\nio.dll
0x00007ffed7bb0000 - 0x00007ffed7bc0000 	c:\Users\pooja\.vscode\extensions\redhat.java-1.49.0-win32-x64\jre\21.0.9-win32-x86_64\bin\verify.dll
0x00007ffeae770000 - 0x00007ffeae7b4000 	C:\Users\pooja\AppData\Roaming\Code\User\globalStorage\redhat.java\1.49.0\config_win\org.eclipse.equinox.launcher\org.eclipse.equinox.launcher.win32.win32.x86_64_1.2.1400.v20250801-0854\eclipse_11916.dll
0x00007ffef93b0000 - 0x00007ffef94db000 	C:\Windows\System32\ole32.dll
0x00007ffef6f10000 - 0x00007ffef6f28000 	C:\Windows\SYSTEM32\CRYPTSP.dll
0x00007ffef65a0000 - 0x00007ffef65d8000 	C:\Windows\system32\rsaenh.dll
0x00007ffef7480000 - 0x00007ffef74ae000 	C:\Windows\SYSTEM32\USERENV.dll
0x00007ffef6f30000 - 0x00007ffef6f3c000 	C:\Windows\SYSTEM32\CRYPTBASE.dll
0x00007ffef69b0000 - 0x00007ffef69eb000 	C:\Windows\SYSTEM32\IPHLPAPI.DLL
0x00007ffef7f20000 - 0x00007ffef7f28000 	C:\Windows\System32\NSI.dll
0x00007ffeafdb0000 - 0x00007ffeafdf9000 	C:\Users\pooja\AppData\Local\Temp\jna-106851207\jna9970231346002472839.dll
0x00007ffef9ea0000 - 0x00007ffef9ea8000 	C:\Windows\System32\PSAPI.DLL
0x00007ffeeced0000 - 0x00007ffeecee7000 	C:\Windows\SYSTEM32\dhcpcsvc6.DLL
0x00007ffeece90000 - 0x00007ffeecead000 	C:\Windows\SYSTEM32\dhcpcsvc.DLL
0x00007ffed9cf0000 - 0x00007ffed9cfe000 	C:\Users\pooja\.vscode\extensions\redhat.java-1.49.0-win32-x64\jre\21.0.9-win32-x86_64\bin\sunmscapi.dll
0x00007ffef76a0000 - 0x00007ffef77fd000 	C:\Windows\System32\CRYPT32.dll
0x00007ffef7030000 - 0x00007ffef7057000 	C:\Windows\SYSTEM32\ncrypt.dll
0x00007ffef6ff0000 - 0x00007ffef702b000 	C:\Windows\SYSTEM32\NTASN1.dll
0x00007ffef6a00000 - 0x00007ffef6aca000 	C:\Windows\SYSTEM32\DNSAPI.dll
0x00000000735e0000 - 0x0000000073606000 	C:\Program Files\Bonjour\mdnsNSP.dll
0x00007ffeeb3f0000 - 0x00007ffeeb3fa000 	C:\Windows\System32\rasadhlp.dll
0x00007ffeea9d0000 - 0x00007ffeeaa50000 	C:\Windows\System32\fwpuclnt.dll
0x00007ffed7520000 - 0x00007ffed7529000 	C:\Users\pooja\.vscode\extensions\redhat.java-1.49.0-win32-x64\jre\21.0.9-win32-x86_64\bin\extnet.dll
0x00007ffef6800000 - 0x00007ffef6833000 	C:\Windows\SYSTEM32\ntmarta.dll

JVMTI agents:
c:\Users\pooja\.vscode\extensions\redhat.java-1.49.0-win32-x64\lombok\lombok-1.18.39-4050.jar path:c:\Users\pooja\.vscode\extensions\redhat.java-1.49.0-win32-x64\jre\21.0.9-win32-x86_64\bin\instrument.dll, loaded, initialized, instrumentlib options:none

dbghelp: loaded successfully - version: 4.0.5 - missing functions: none
symbol engine: initialized successfully - sym options: 0x614 - pdb path: .;c:\Users\pooja\.vscode\extensions\redhat.java-1.49.0-win32-x64\jre\21.0.9-win32-x86_64\bin;C:\Windows\SYSTEM32;C:\Windows\WinSxS\amd64_microsoft.windows.common-controls_6595b64144ccf1df_6.0.19041.6280_none_60bc30a171f2f3f3;c:\Users\pooja\.vscode\extensions\redhat.java-1.49.0-win32-x64\jre\21.0.9-win32-x86_64\bin\server;C:\Users\pooja\AppData\Roaming\Code\User\globalStorage\redhat.java\1.49.0\config_win\org.eclipse.equinox.launcher\org.eclipse.equinox.launcher.win32.win32.x86_64_1.2.1400.v20250801-0854;C:\Users\pooja\AppData\Local\Temp\jna-106851207;C:\Program Files\Bonjour

VM Arguments:
jvm_args: --add-modules=ALL-SYSTEM --add-opens=java.base/java.util=ALL-UNNAMED --add-opens=java.base/java.lang=ALL-UNNAMED --add-opens=java.base/sun.nio.fs=ALL-UNNAMED -Declipse.application=org.eclipse.jdt.ls.core.id1 -Dosgi.bundles.defaultStartLevel=4 -Declipse.product=org.eclipse.jdt.ls.core.product -Djava.import.generatesMetadataFilesAtProjectRoot=false -DDetectVMInstallationsJob.disabled=true -Dfile.encoding=utf8 -XX:+UseParallelGC -XX:GCTimeRatio=4 -XX:AdaptiveSizePolicyWeight=90 -Dsun.zip.disableMemoryMapping=true -Xmx2G -Xms100m -Xlog:disable -javaagent:c:\Users\pooja\.vscode\extensions\redhat.java-1.49.0-win32-x64\lombok\lombok-1.18.39-4050.jar -XX:+HeapDumpOnOutOfMemoryError -XX:HeapDumpPath=c:\Users\pooja\AppData\Roaming\Code\User\workspaceStorage\c9fb0a0a7192e5b5cc477edc92a2a930\redhat.java -Daether.dependencyCollector.impl=bf 
java_command: c:\Users\pooja\.vscode\extensions\redhat.java-1.49.0-win32-x64\server\plugins\org.eclipse.equinox.launcher_1.7.100.v20251111-0406.jar -configuration c:\Users\pooja\AppData\Roaming\Code\User\globalStorage\redhat.java\1.49.0\config_win -data c:\Users\pooja\AppData\Roaming\Code\User\workspaceStorage\c9fb0a0a7192e5b5cc477edc92a2a930\redhat.java\jdt_ws --pipe=\\.\pipe\lsp-142e9d7acc62ca337e51171ff4748101-sock
java_class_path (initial): c:\Users\pooja\.vscode\extensions\redhat.java-1.49.0-win32-x64\server\plugins\org.eclipse.equinox.launcher_1.7.100.v20251111-0406.jar
Launcher Type: SUN_STANDARD

[Global flags]
    uintx AdaptiveSizePolicyWeight                 = 90                                        {product} {command line}
     intx CICompilerCount                          = 4                                         {product} {ergonomic}
    uintx GCTimeRatio                              = 4                                         {product} {command line}
     bool HeapDumpOnOutOfMemoryError               = true                                   {manageable} {command line}
    ccstr HeapDumpPath                             = c:\Users\pooja\AppData\Roaming\Code\User\workspaceStorage\c9fb0a0a7192e5b5cc477edc92a2a930\redhat.java         {manageable} {command line}
   size_t InitialHeapSize                          = 104857600                                 {product} {command line}
   size_t MaxHeapSize                              = 2147483648                                {product} {command line}
   size_t MaxNewSize                               = 715653120                                 {product} {ergonomic}
   size_t MinHeapDeltaBytes                        = 524288                                    {product} {ergonomic}
   size_t MinHeapSize                              = 104857600                                 {product} {command line}
   size_t NewSize                                  = 34603008                                  {product} {ergonomic}
    uintx NonNMethodCodeHeapSize                   = 5839372                                {pd product} {ergonomic}
    uintx NonProfiledCodeHeapSize                  = 122909434                              {pd product} {ergonomic}
   size_t OldSize                                  = 70254592                                  {product} {ergonomic}
    uintx ProfiledCodeHeapSize                     = 122909434                              {pd product} {ergonomic}
    uintx ReservedCodeCacheSize                    = 251658240                              {pd product} {ergonomic}
     bool SegmentedCodeCache                       = true                                      {product} {ergonomic}
   size_t SoftMaxHeapSize                          = 2147483648                             {manageable} {ergonomic}
     bool UseCompressedOops                        = true                           {product lp64_product} {ergonomic}
     bool UseLargePagesIndividualAllocation        = false                                  {pd product} {ergonomic}
     bool UseParallelGC                            = true                                      {product} {command line}

Logging:
Log output configuration:
 #0: stdout all=off uptime,level,tags foldmultilines=false
 #1: stderr all=off uptime,level,tags foldmultilines=false

Release file:
JAVA_VERSION="21.0.9" 
MODULES="java.base java.compiler java.datatransfer java.xml java.prefs java.desktop java.instrument java.logging java.management java.security.sasl java.naming java.rmi java.management.rmi java.net.http java.scripting java.security.jgss java.transaction.xa java.sql java.sql.rowset java.xml.crypto java.se java.smartcardio jdk.accessibility jdk.internal.jvmstat jdk.attach jdk.charsets jdk.internal.opt jdk.zipfs jdk.compiler jdk.crypto.ec jdk.crypto.cryptoki jdk.crypto.mscapi jdk.dynalink jdk.internal.ed jdk.editpad jdk.hotspot.agent jdk.httpserver jdk.internal.le jdk.internal.vm.ci jdk.internal.vm.compiler jdk.internal.vm.compiler.management jdk.jartool jdk.javadoc jdk.jcmd jdk.management jdk.management.agent jdk.jconsole jdk.jdeps jdk.jdwp.agent jdk.jdi jdk.jfr jdk.jshell jdk.jsobject jdk.jstatd jdk.localedata jdk.management.jfr jdk.naming.dns jdk.naming.rmi jdk.net jdk.nio.mapmode jdk.random jdk.sctp jdk.security.auth jdk.security.jgss jdk.unsupported jdk.unsupported.desktop jdk.xml.dom" 

Environment Variables:
JAVA_HOME=C:\Program Files\Java\jdk-17.0.2
CLASSPATH=C:\mysql-connector-java-8.0.11.jar;.;
PATH=C:\Program Files\Common Files\Oracle\Java\javapath;C:\Program Files (x86)\Common Files\Oracle\Java\javapath;C:\Windows\system32;C:\Windows;C:\Windows\System32\Wbem;C:\Windows\System32\WindowsPowerShell\v1.0\;C:\Windows\System32\OpenSSH\;C:\Program Files\Git\cmd;C:\Program Files\Java\jdk-17.0.2\bin;C:\Program Files (x86)\HP\Common\HPDestPlgIn\;C:\Program Files\Maven\apache-maven-3.9.1\bin;C:\Program Files\MySQL\MySQL Server 8.0\bin;C:\Program Files\Tesseract-OCR;C:\Program Files\nodejs\;C:\Program Files\Docker\Docker\resources\bin;C:\Program Files\MySQL\MySQL Shell 8.0\bin\;C:\Users\pooja\AppData\Local\Programs\Python\Python310\Scripts\;C:\Users\pooja\AppData\Local\Programs\Python\Python310\;C:\Users\pooja\AppData\Local\Microsoft\WindowsApps;C:\Users\pooja\AppData\Local\Programs\Microsoft VS Code\bin;C:\mingw\mingw32\bin;C:\Program Files (x86)\HP\Common\HPDestPlgIn\;C:\Program Files\Tesseract-OCR;C:\Users\pooja\AppData\Roaming\npm;C:\Program Files\JetBrains\IntelliJ IDEA Community Edition 2024.2.1\bin;
USERNAME=pooja
OS=Windows_NT
PROCESSOR_IDENTIFIER=Intel64 Family 6 Model 140 Stepping 1, GenuineIntel
TMP=C:\Users\pooja\AppData\Local\Temp
TEMP=C:\Users\pooja\AppData\Local\Temp




Periodic native trim disabled

---------------  S Y S T E M  ---------------

OS:
 Windows 10 , 64 bit Build 19041 (10.0.19041.5915)
OS uptime: 33 days 2:30 hours
Hyper-V role detected

CPU: total 8 (initial active 8) (4 cores per cpu, 2 threads per core) family 6 model 140 stepping 1 microcode 0x86, cx8, cmov, fxsr, ht, mmx, 3dnowpref, sse, sse2, sse3, ssse3, sse4.1, sse4.2, popcnt, lzcnt, tsc, tscinvbit, avx, avx2, aes, erms, clmul, bmi1, bmi2, adx, avx512f, avx512dq, avx512cd, avx512bw, avx512vl, sha, fma, vzeroupper, avx512_vpopcntdq, avx512_vpclmulqdq, avx512_vaes, avx512_vnni, clflush, clflushopt, clwb, avx512_vbmi2, avx512_vbmi, hv, rdtscp, rdpid, fsrm, gfni, avx512_bitalg, f16c, cet_ibt, cet_ss, avx512_ifma
Processor Information for the first 8 processors :
  Max Mhz: 3110, Current Mhz: 3110, Mhz Limit: 3110

Memory: 4k page, system-wide physical 7975M (310M free)
TotalPageFile size 26725M (AvailPageFile size 2M)
current process WorkingSet (physical memory assigned to process): 11M, peak: 432M
current process commit charge ("private bytes"): 528M, peak: 545M

vm_info: OpenJDK 64-Bit Server VM (21.0.9+10-LTS) for windows-amd64 JRE (21.0.9+10-LTS), built on 2025-10-21T00:00:00Z by "admin" with unknown MS VC++:1942

END.
